<?xml version="1.0" encoding="UTF-8"?>
<!-- Generated by org.testng.reporters.JUnitReportReporter -->
<testsuite hostname="DESKTOP-H2532F4" failures="0" tests="1" name="tests.SearchAndSelectAFlight" time="34.405" errors="0" timestamp="26 Mar 2024 11:23:04 GMT" skipped="0">
  <testcase classname="tests.SearchAndSelectAFlight" name="checkLandingPage" time="34.405"/>
</testsuite> <!-- tests.SearchAndSelectAFlight -->
