<?xml version="1.0" encoding="UTF-8"?>
<!-- Generated by org.testng.reporters.JUnitReportReporter -->
<testsuite hostname="DESKTOP-H2532F4" failures="0" tests="2" name="tests.CrickInfoTest" time="28.098" errors="0" timestamp="02 Apr 2024 08:52:17 GMT" skipped="0">
  <testcase classname="tests.CrickInfoTest" name="firstIndianPlayer" time="13.587"/>
  <testcase classname="tests.CrickInfoTest" name="firstNZPlayer" time="14.511"/>
</testsuite> <!-- tests.CrickInfoTest -->
